# JRE version: Java(TM) SE Runtime Environment (8.0_351-b10) (build 1.8.0_351-b10)
# Java VM: Java HotSpot(TM) 64-Bit Server VM (25.351-b10 mixed mode windows-amd64 compressed oops)
Heap:
 PSYoungGen      total 69632K, used 46221K [0x00000000eba00000, 0x00000000f0500000, 0x0000000100000000)
  eden space 62976K, 73% used [0x00000000eba00000,0x00000000ee723678,0x00000000ef780000)
  from space 6656K, 0% used [0x00000000ef780000,0x00000000ef780000,0x00000000efe00000)
  to   space 6144K, 0% used [0x00000000efe00000,0x00000000efe00000,0x00000000f0400000)
 ParOldGen       total 32768K, used 8088K [0x00000000c2e00000, 0x00000000c4e00000, 0x00000000eba00000)
  object space 32768K, 24% used [0x00000000c2e00000,0x00000000c35e6068,0x00000000c4e00000)
 Metaspace       used 25587K, capacity 26456K, committed 26624K, reserved 1073152K
  class space    used 3228K, capacity 3460K, committed 3584K, reserved 1048576K
GC Heap History (10 events):
Event: 4.087 GC heap before
{Heap before GC invocations=4 (full 0):
 PSYoungGen      total 18432K, used 18414K [0x00000000eba00000, 0x00000000ede00000, 0x0000000100000000)
  eden space 15872K, 100% used [0x00000000eba00000,0x00000000ec980000,0x00000000ec980000)
  from space 2560K, 99% used [0x00000000ec980000,0x00000000ecbfbb10,0x00000000ecc00000)
  to   space 2560K, 0% used [0x00000000edb80000,0x00000000edb80000,0x00000000ede00000)
 ParOldGen       total 42496K, used 2780K [0x00000000c2e00000, 0x00000000c5780000, 0x00000000eba00000)
  object space 42496K, 6% used [0x00000000c2e00000,0x00000000c30b7238,0x00000000c5780000)
 Metaspace       used 12027K, capacity 12464K, committed 12672K, reserved 1060864K
  class space    used 1454K, capacity 1582K, committed 1664K, reserved 1048576K
Event: 4.095 GC heap after
Heap after GC invocations=4 (full 0):
 PSYoungGen      total 34304K, used 2558K [0x00000000eba00000, 0x00000000ede00000, 0x0000000100000000)
  eden space 31744K, 0% used [0x00000000eba00000,0x00000000eba00000,0x00000000ed900000)
  from space 2560K, 99% used [0x00000000edb80000,0x00000000eddffb00,0x00000000ede00000)
  to   space 2560K, 0% used [0x00000000ed900000,0x00000000ed900000,0x00000000edb80000)
 ParOldGen       total 42496K, used 4387K [0x00000000c2e00000, 0x00000000c5780000, 0x00000000eba00000)
  object space 42496K, 10% used [0x00000000c2e00000,0x00000000c3248e10,0x00000000c5780000)
 Metaspace       used 12027K, capacity 12464K, committed 12672K, reserved 1060864K
  class space    used 1454K, capacity 1582K, committed 1664K, reserved 1048576K
}
Event: 5.146 GC heap before
{Heap before GC invocations=5 (full 0):
 PSYoungGen      total 34304K, used 34302K [0x00000000eba00000, 0x00000000ede00000, 0x0000000100000000)
  eden space 31744K, 100% used [0x00000000eba00000,0x00000000ed900000,0x00000000ed900000)
  from space 2560K, 99% used [0x00000000edb80000,0x00000000eddffb00,0x00000000ede00000)
  to   space 2560K, 0% used [0x00000000ed900000,0x00000000ed900000,0x00000000edb80000)
 ParOldGen       total 42496K, used 4387K [0x00000000c2e00000, 0x00000000c5780000, 0x00000000eba00000)
  object space 42496K, 10% used [0x00000000c2e00000,0x00000000c3248e10,0x00000000c5780000)
 Metaspace       used 14666K, capacity 15166K, committed 15616K, reserved 1062912K
  class space    used 1771K, capacity 1927K, committed 2048K, reserved 1048576K
Event: 5.174 GC heap after
Heap after GC invocations=5 (full 0):
 PSYoungGen      total 34304K, used 2558K [0x00000000eba00000, 0x00000000f0400000, 0x0000000100000000)
  eden space 31744K, 0% used [0x00000000eba00000,0x00000000eba00000,0x00000000ed900000)
  from space 2560K, 99% used [0x00000000ed900000,0x00000000edb7fb20,0x00000000edb80000)
  to   space 6144K, 0% used [0x00000000efe00000,0x00000000efe00000,0x00000000f0400000)
 ParOldGen       total 42496K, used 6733K [0x00000000c2e00000, 0x00000000c5780000, 0x00000000eba00000)
  object space 42496K, 15% used [0x00000000c2e00000,0x00000000c3493728,0x00000000c5780000)
 Metaspace       used 14666K, capacity 15166K, committed 15616K, reserved 1062912K
  class space    used 1771K, capacity 1927K, committed 2048K, reserved 1048576K
}
Event: 6.716 GC heap before
{Heap before GC invocations=6 (full 0):
 PSYoungGen      total 34304K, used 34302K [0x00000000eba00000, 0x00000000f0400000, 0x0000000100000000)
  eden space 31744K, 100% used [0x00000000eba00000,0x00000000ed900000,0x00000000ed900000)
  from space 2560K, 99% used [0x00000000ed900000,0x00000000edb7fb20,0x00000000edb80000)
  to   space 6144K, 0% used [0x00000000efe00000,0x00000000efe00000,0x00000000f0400000)
 ParOldGen       total 42496K, used 6733K [0x00000000c2e00000, 0x00000000c5780000, 0x00000000eba00000)
  object space 42496K, 15% used [0x00000000c2e00000,0x00000000c3493728,0x00000000c5780000)
 Metaspace       used 17825K, capacity 18536K, committed 18816K, reserved 1064960K
  class space    used 2188K, capacity 2380K, committed 2432K, reserved 1048576K
Event: 6.732 GC heap after
Heap after GC invocations=6 (full 0):
 PSYoungGen      total 69120K, used 5309K [0x00000000eba00000, 0x00000000f0500000, 0x0000000100000000)
  eden space 62976K, 0% used [0x00000000eba00000,0x00000000eba00000,0x00000000ef780000)
  from space 6144K, 86% used [0x00000000efe00000,0x00000000f032f410,0x00000000f0400000)
  to   space 6656K, 0% used [0x00000000ef780000,0x00000000ef780000,0x00000000efe00000)
 ParOldGen       total 42496K, used 6741K [0x00000000c2e00000, 0x00000000c5780000, 0x00000000eba00000)
  object space 42496K, 15% used [0x00000000c2e00000,0x00000000c3495728,0x00000000c5780000)
 Metaspace       used 17825K, capacity 18536K, committed 18816K, reserved 1064960K
  class space    used 2188K, capacity 2380K, committed 2432K, reserved 1048576K
}
Event: 7.674 GC heap before
{Heap before GC invocations=7 (full 0):
 PSYoungGen      total 69120K, used 46649K [0x00000000eba00000, 0x00000000f0500000, 0x0000000100000000)
  eden space 62976K, 65% used [0x00000000eba00000,0x00000000ee25f218,0x00000000ef780000)
  from space 6144K, 86% used [0x00000000efe00000,0x00000000f032f410,0x00000000f0400000)
  to   space 6656K, 0% used [0x00000000ef780000,0x00000000ef780000,0x00000000efe00000)
 ParOldGen       total 42496K, used 6741K [0x00000000c2e00000, 0x00000000c5780000, 0x00000000eba00000)
  object space 42496K, 15% used [0x00000000c2e00000,0x00000000c3495728,0x00000000c5780000)
 Metaspace       used 20420K, capacity 21190K, committed 21248K, reserved 1067008K
  class space    used 2568K, capacity 2763K, committed 2816K, reserved 1048576K
Event: 7.688 GC heap after
Heap after GC invocations=7 (full 0):
 PSYoungGen      total 69632K, used 4928K [0x00000000eba00000, 0x00000000f0500000, 0x0000000100000000)
  eden space 62976K, 0% used [0x00000000eba00000,0x00000000eba00000,0x00000000ef780000)
  from space 6656K, 74% used [0x00000000ef780000,0x00000000efc50298,0x00000000efe00000)
  to   space 6144K, 0% used [0x00000000efe00000,0x00000000efe00000,0x00000000f0400000)
 ParOldGen       total 42496K, used 8504K [0x00000000c2e00000, 0x00000000c5780000, 0x00000000eba00000)
  object space 42496K, 20% used [0x00000000c2e00000,0x00000000c364e2d8,0x00000000c5780000)
 Metaspace       used 20420K, capacity 21190K, committed 21248K, reserved 1067008K
  class space    used 2568K, capacity 2763K, committed 2816K, reserved 1048576K
}
Event: 7.688 GC heap before
{Heap before GC invocations=8 (full 1):
 PSYoungGen      total 69632K, used 4928K [0x00000000eba00000, 0x00000000f0500000, 0x0000000100000000)
  eden space 62976K, 0% used [0x00000000eba00000,0x00000000eba00000,0x00000000ef780000)
  from space 6656K, 74% used [0x00000000ef780000,0x00000000efc50298,0x00000000efe00000)
  to   space 6144K, 0% used [0x00000000efe00000,0x00000000efe00000,0x00000000f0400000)
 ParOldGen       total 42496K, used 8504K [0x00000000c2e00000, 0x00000000c5780000, 0x00000000eba00000)
  object space 42496K, 20% used [0x00000000c2e00000,0x00000000c364e2d8,0x00000000c5780000)
 Metaspace       used 20420K, capacity 21190K, committed 21248K, reserved 1067008K
  class space    used 2568K, capacity 2763K, committed 2816K, reserved 1048576K
Event: 7.750 GC heap after
Heap after GC invocations=8 (full 1):
 PSYoungGen      total 69632K, used 0K [0x00000000eba00000, 0x00000000f0500000, 0x0000000100000000)
  eden space 62976K, 0% used [0x00000000eba00000,0x00000000eba00000,0x00000000ef780000)
  from space 6656K, 0% used [0x00000000ef780000,0x00000000ef780000,0x00000000efe00000)
  to   space 6144K, 0% used [0x00000000efe00000,0x00000000efe00000,0x00000000f0400000)
 ParOldGen       total 32768K, used 8088K [0x00000000c2e00000, 0x00000000c4e00000, 0x00000000eba00000)
  object space 32768K, 24% used [0x00000000c2e00000,0x00000000c35e6068,0x00000000c4e00000)
 Metaspace       used 20408K, capacity 21154K, committed 21248K, reserved 1067008K
  class space    used 2565K, capacity 2757K, committed 2816K, reserved 1048576K
}

