# JRE version: Java(TM) SE Runtime Environment (8.0_351-b10) (build 1.8.0_351-b10)
# Java VM: Java HotSpot(TM) 64-Bit Server VM (25.351-b10 mixed mode windows-amd64 compressed oops)
Heap:
 PSYoungGen      total 141312K, used 18143K [0x00000000eba00000, 0x00000000f8100000, 0x0000000100000000)
  eden space 130560K, 8% used [0x00000000eba00000,0x00000000ec519678,0x00000000f3980000)
  from space 10752K, 63% used [0x00000000f3980000,0x00000000f401e5e0,0x00000000f4400000)
  to   space 10752K, 0% used [0x00000000f7680000,0x00000000f7680000,0x00000000f8100000)
 ParOldGen       total 44032K, used 27178K [0x00000000c2e00000, 0x00000000c5900000, 0x00000000eba00000)
  object space 44032K, 61% used [0x00000000c2e00000,0x00000000c488ab50,0x00000000c5900000)
 Metaspace       used 49060K, capacity 51533K, committed 51800K, reserved 1093632K
  class space    used 6499K, capacity 7015K, committed 7040K, reserved 1048576K
GC Heap History (10 events):
Event: 17.698 GC heap before
{Heap before GC invocations=11 (full 1):
 PSYoungGen      total 68608K, used 62976K [0x00000000eba00000, 0x00000000f2780000, 0x0000000100000000)
  eden space 62976K, 100% used [0x00000000eba00000,0x00000000ef780000,0x00000000ef780000)
  from space 5632K, 0% used [0x00000000ef780000,0x00000000ef780000,0x00000000efd00000)
  to   space 5632K, 0% used [0x00000000f2200000,0x00000000f2200000,0x00000000f2780000)
 ParOldGen       total 27648K, used 5325K [0x00000000c2e00000, 0x00000000c4900000, 0x00000000eba00000)
  object space 27648K, 19% used [0x00000000c2e00000,0x00000000c33335b0,0x00000000c4900000)
 Metaspace       used 27907K, capacity 28832K, committed 29056K, reserved 1075200K
  class space    used 3582K, capacity 3854K, committed 3968K, reserved 1048576K
Event: 17.749 GC heap after
Heap after GC invocations=11 (full 1):
 PSYoungGen      total 98304K, used 5613K [0x00000000eba00000, 0x00000000f2780000, 0x0000000100000000)
  eden space 92672K, 0% used [0x00000000eba00000,0x00000000eba00000,0x00000000f1480000)
  from space 5632K, 99% used [0x00000000f2200000,0x00000000f277b768,0x00000000f2780000)
  to   space 7680K, 0% used [0x00000000f1880000,0x00000000f1880000,0x00000000f2000000)
 ParOldGen       total 27648K, used 9119K [0x00000000c2e00000, 0x00000000c4900000, 0x00000000eba00000)
  object space 27648K, 32% used [0x00000000c2e00000,0x00000000c36e7e48,0x00000000c4900000)
 Metaspace       used 27907K, capacity 28832K, committed 29056K, reserved 1075200K
  class space    used 3582K, capacity 3854K, committed 3968K, reserved 1048576K
}
Event: 22.309 GC heap before
{Heap before GC invocations=12 (full 1):
 PSYoungGen      total 98304K, used 46354K [0x00000000eba00000, 0x00000000f2780000, 0x0000000100000000)
  eden space 92672K, 43% used [0x00000000eba00000,0x00000000ee1c90b8,0x00000000f1480000)
  from space 5632K, 99% used [0x00000000f2200000,0x00000000f277b768,0x00000000f2780000)
  to   space 7680K, 0% used [0x00000000f1880000,0x00000000f1880000,0x00000000f2000000)
 ParOldGen       total 27648K, used 9119K [0x00000000c2e00000, 0x00000000c4900000, 0x00000000eba00000)
  object space 27648K, 32% used [0x00000000c2e00000,0x00000000c36e7e48,0x00000000c4900000)
 Metaspace       used 33990K, capacity 35382K, committed 35416K, reserved 1079296K
  class space    used 4413K, capacity 4709K, committed 4736K, reserved 1048576K
Event: 22.326 GC heap after
Heap after GC invocations=12 (full 1):
 PSYoungGen      total 104448K, used 5232K [0x00000000eba00000, 0x00000000f4b80000, 0x0000000100000000)
  eden space 96768K, 0% used [0x00000000eba00000,0x00000000eba00000,0x00000000f1880000)
  from space 7680K, 68% used [0x00000000f1880000,0x00000000f1d9c3f8,0x00000000f2000000)
  to   space 7680K, 0% used [0x00000000f4400000,0x00000000f4400000,0x00000000f4b80000)
 ParOldGen       total 27648K, used 13618K [0x00000000c2e00000, 0x00000000c4900000, 0x00000000eba00000)
  object space 27648K, 49% used [0x00000000c2e00000,0x00000000c3b4c938,0x00000000c4900000)
 Metaspace       used 33990K, capacity 35382K, committed 35416K, reserved 1079296K
  class space    used 4413K, capacity 4709K, committed 4736K, reserved 1048576K
}
Event: 22.327 GC heap before
{Heap before GC invocations=13 (full 2):
 PSYoungGen      total 104448K, used 5232K [0x00000000eba00000, 0x00000000f4b80000, 0x0000000100000000)
  eden space 96768K, 0% used [0x00000000eba00000,0x00000000eba00000,0x00000000f1880000)
  from space 7680K, 68% used [0x00000000f1880000,0x00000000f1d9c3f8,0x00000000f2000000)
  to   space 7680K, 0% used [0x00000000f4400000,0x00000000f4400000,0x00000000f4b80000)
 ParOldGen       total 27648K, used 13618K [0x00000000c2e00000, 0x00000000c4900000, 0x00000000eba00000)
  object space 27648K, 49% used [0x00000000c2e00000,0x00000000c3b4c938,0x00000000c4900000)
 Metaspace       used 33990K, capacity 35382K, committed 35416K, reserved 1079296K
  class space    used 4413K, capacity 4709K, committed 4736K, reserved 1048576K
Event: 22.409 GC heap after
Heap after GC invocations=13 (full 2):
 PSYoungGen      total 104448K, used 0K [0x00000000eba00000, 0x00000000f4b80000, 0x0000000100000000)
  eden space 96768K, 0% used [0x00000000eba00000,0x00000000eba00000,0x00000000f1880000)
  from space 7680K, 0% used [0x00000000f1880000,0x00000000f1880000,0x00000000f2000000)
  to   space 7680K, 0% used [0x00000000f4400000,0x00000000f4400000,0x00000000f4b80000)
 ParOldGen       total 44032K, used 14392K [0x00000000c2e00000, 0x00000000c5900000, 0x00000000eba00000)
  object space 44032K, 32% used [0x00000000c2e00000,0x00000000c3c0e1e8,0x00000000c5900000)
 Metaspace       used 33986K, capacity 35370K, committed 35416K, reserved 1079296K
  class space    used 4412K, capacity 4707K, committed 4736K, reserved 1048576K
}
Event: 53.812 GC heap before
{Heap before GC invocations=14 (full 2):
 PSYoungGen      total 104448K, used 96768K [0x00000000eba00000, 0x00000000f4b80000, 0x0000000100000000)
  eden space 96768K, 100% used [0x00000000eba00000,0x00000000f1880000,0x00000000f1880000)
  from space 7680K, 0% used [0x00000000f1880000,0x00000000f1880000,0x00000000f2000000)
  to   space 7680K, 0% used [0x00000000f4400000,0x00000000f4400000,0x00000000f4b80000)
 ParOldGen       total 44032K, used 14392K [0x00000000c2e00000, 0x00000000c5900000, 0x00000000eba00000)
  object space 44032K, 32% used [0x00000000c2e00000,0x00000000c3c0e1e8,0x00000000c5900000)
 Metaspace       used 43037K, capacity 45114K, committed 45272K, reserved 1089536K
  class space    used 5666K, capacity 6131K, committed 6144K, reserved 1048576K
Event: 53.991 GC heap after
Heap after GC invocations=14 (full 2):
 PSYoungGen      total 138240K, used 7669K [0x00000000eba00000, 0x00000000f5480000, 0x0000000100000000)
  eden space 130560K, 0% used [0x00000000eba00000,0x00000000eba00000,0x00000000f3980000)
  from space 7680K, 99% used [0x00000000f4400000,0x00000000f4b7d548,0x00000000f4b80000)
  to   space 10752K, 0% used [0x00000000f3980000,0x00000000f3980000,0x00000000f4400000)
 ParOldGen       total 44032K, used 20065K [0x00000000c2e00000, 0x00000000c5900000, 0x00000000eba00000)
  object space 44032K, 45% used [0x00000000c2e00000,0x00000000c4198588,0x00000000c5900000)
 Metaspace       used 43037K, capacity 45114K, committed 45272K, reserved 1089536K
  class space    used 5666K, capacity 6131K, committed 6144K, reserved 1048576K
}
Event: 126.962 GC heap before
{Heap before GC invocations=15 (full 2):
 PSYoungGen      total 138240K, used 138229K [0x00000000eba00000, 0x00000000f5480000, 0x0000000100000000)
  eden space 130560K, 100% used [0x00000000eba00000,0x00000000f3980000,0x00000000f3980000)
  from space 7680K, 99% used [0x00000000f4400000,0x00000000f4b7d548,0x00000000f4b80000)
  to   space 10752K, 0% used [0x00000000f3980000,0x00000000f3980000,0x00000000f4400000)
 ParOldGen       total 44032K, used 20065K [0x00000000c2e00000, 0x00000000c5900000, 0x00000000eba00000)
  object space 44032K, 45% used [0x00000000c2e00000,0x00000000c4198588,0x00000000c5900000)
 Metaspace       used 48779K, capacity 51227K, committed 51544K, reserved 1093632K
  class space    used 6470K, capacity 7006K, committed 7040K, reserved 1048576K
Event: 127.862 GC heap after
Heap after GC invocations=15 (full 2):
 PSYoungGen      total 141312K, used 6777K [0x00000000eba00000, 0x00000000f8100000, 0x0000000100000000)
  eden space 130560K, 0% used [0x00000000eba00000,0x00000000eba00000,0x00000000f3980000)
  from space 10752K, 63% used [0x00000000f3980000,0x00000000f401e5e0,0x00000000f4400000)
  to   space 10752K, 0% used [0x00000000f7680000,0x00000000f7680000,0x00000000f8100000)
 ParOldGen       total 44032K, used 27178K [0x00000000c2e00000, 0x00000000c5900000, 0x00000000eba00000)
  object space 44032K, 61% used [0x00000000c2e00000,0x00000000c488ab50,0x00000000c5900000)
 Metaspace       used 48779K, capacity 51227K, committed 51544K, reserved 1093632K
  class space    used 6470K, capacity 7006K, committed 7040K, reserved 1048576K
}

