# JRE version: Java(TM) SE Runtime Environment (8.0_351-b10) (build 1.8.0_351-b10)
# Java VM: Java HotSpot(TM) 64-Bit Server VM (25.351-b10 mixed mode windows-amd64 compressed oops)
Heap:
 PSYoungGen      total 132608K, used 87016K [0x00000000eba00000, 0x00000000f5580000, 0x0000000100000000)
  eden space 122880K, 62% used [0x00000000eba00000,0x00000000f0582048,0x00000000f3200000)
  from space 9728K, 99% used [0x00000000f4c00000,0x00000000f5578368,0x00000000f5580000)
  to   space 8192K, 0% used [0x00000000f3200000,0x00000000f3200000,0x00000000f3a00000)
 ParOldGen       total 46592K, used 20672K [0x00000000c2e00000, 0x00000000c5b80000, 0x00000000eba00000)
  object space 46592K, 44% used [0x00000000c2e00000,0x00000000c4230148,0x00000000c5b80000)
 Metaspace       used 48426K, capacity 50650K, committed 50904K, reserved 1093632K
  class space    used 6407K, capacity 6873K, committed 6912K, reserved 1048576K
GC Heap History (10 events):
Event: 8.430 GC heap before
{Heap before GC invocations=8 (full 1):
 PSYoungGen      total 69632K, used 4969K [0x00000000eba00000, 0x00000000f4200000, 0x0000000100000000)
  eden space 62976K, 0% used [0x00000000eba00000,0x00000000eba00000,0x00000000ef780000)
  from space 6656K, 74% used [0x00000000ef780000,0x00000000efc5a768,0x00000000efe00000)
  to   space 6656K, 0% used [0x00000000f3b80000,0x00000000f3b80000,0x00000000f4200000)
 ParOldGen       total 42496K, used 8537K [0x00000000c2e00000, 0x00000000c5780000, 0x00000000eba00000)
  object space 42496K, 20% used [0x00000000c2e00000,0x00000000c3656510,0x00000000c5780000)
 Metaspace       used 20383K, capacity 21142K, committed 21248K, reserved 1067008K
  class space    used 2566K, capacity 2763K, committed 2816K, reserved 1048576K
Event: 8.539 GC heap after
Heap after GC invocations=8 (full 1):
 PSYoungGen      total 69632K, used 0K [0x00000000eba00000, 0x00000000f4200000, 0x0000000100000000)
  eden space 62976K, 0% used [0x00000000eba00000,0x00000000eba00000,0x00000000ef780000)
  from space 6656K, 0% used [0x00000000ef780000,0x00000000ef780000,0x00000000efe00000)
  to   space 6656K, 0% used [0x00000000f3b80000,0x00000000f3b80000,0x00000000f4200000)
 ParOldGen       total 32256K, used 7931K [0x00000000c2e00000, 0x00000000c4d80000, 0x00000000eba00000)
  object space 32256K, 24% used [0x00000000c2e00000,0x00000000c35beee0,0x00000000c4d80000)
 Metaspace       used 20372K, capacity 21106K, committed 21248K, reserved 1067008K
  class space    used 2562K, capacity 2757K, committed 2816K, reserved 1048576K
}
Event: 21.877 GC heap before
{Heap before GC invocations=9 (full 1):
 PSYoungGen      total 69632K, used 62976K [0x00000000eba00000, 0x00000000f4200000, 0x0000000100000000)
  eden space 62976K, 100% used [0x00000000eba00000,0x00000000ef780000,0x00000000ef780000)
  from space 6656K, 0% used [0x00000000ef780000,0x00000000ef780000,0x00000000efe00000)
  to   space 6656K, 0% used [0x00000000f3b80000,0x00000000f3b80000,0x00000000f4200000)
 ParOldGen       total 32256K, used 7931K [0x00000000c2e00000, 0x00000000c4d80000, 0x00000000eba00000)
  object space 32256K, 24% used [0x00000000c2e00000,0x00000000c35beee0,0x00000000c4d80000)
 Metaspace       used 28667K, capacity 29550K, committed 29824K, reserved 1075200K
  class space    used 3654K, capacity 3863K, committed 3968K, reserved 1048576K
Event: 21.924 GC heap after
Heap after GC invocations=9 (full 1):
 PSYoungGen      total 110080K, used 6645K [0x00000000eba00000, 0x00000000f4200000, 0x0000000100000000)
  eden space 103424K, 0% used [0x00000000eba00000,0x00000000eba00000,0x00000000f1f00000)
  from space 6656K, 99% used [0x00000000f3b80000,0x00000000f41fd6e0,0x00000000f4200000)
  to   space 8192K, 0% used [0x00000000f3200000,0x00000000f3200000,0x00000000f3a00000)
 ParOldGen       total 32256K, used 9676K [0x00000000c2e00000, 0x00000000c4d80000, 0x00000000eba00000)
  object space 32256K, 29% used [0x00000000c2e00000,0x00000000c37730e0,0x00000000c4d80000)
 Metaspace       used 28667K, capacity 29550K, committed 29824K, reserved 1075200K
  class space    used 3654K, capacity 3863K, committed 3968K, reserved 1048576K
}
Event: 34.768 GC heap before
{Heap before GC invocations=10 (full 1):
 PSYoungGen      total 110080K, used 48802K [0x00000000eba00000, 0x00000000f4200000, 0x0000000100000000)
  eden space 103424K, 40% used [0x00000000eba00000,0x00000000ee32b148,0x00000000f1f00000)
  from space 6656K, 99% used [0x00000000f3b80000,0x00000000f41fd6e0,0x00000000f4200000)
  to   space 8192K, 0% used [0x00000000f3200000,0x00000000f3200000,0x00000000f3a00000)
 ParOldGen       total 32256K, used 9676K [0x00000000c2e00000, 0x00000000c4d80000, 0x00000000eba00000)
  object space 32256K, 29% used [0x00000000c2e00000,0x00000000c37730e0,0x00000000c4d80000)
 Metaspace       used 34146K, capacity 35380K, committed 35416K, reserved 1079296K
  class space    used 4445K, capacity 4700K, committed 4736K, reserved 1048576K
Event: 34.858 GC heap after
Heap after GC invocations=10 (full 1):
 PSYoungGen      total 131072K, used 8184K [0x00000000eba00000, 0x00000000f5580000, 0x0000000100000000)
  eden space 122880K, 0% used [0x00000000eba00000,0x00000000eba00000,0x00000000f3200000)
  from space 8192K, 99% used [0x00000000f3200000,0x00000000f39fe318,0x00000000f3a00000)
  to   space 9728K, 0% used [0x00000000f4c00000,0x00000000f4c00000,0x00000000f5580000)
 ParOldGen       total 32256K, used 11469K [0x00000000c2e00000, 0x00000000c4d80000, 0x00000000eba00000)
  object space 32256K, 35% used [0x00000000c2e00000,0x00000000c3933660,0x00000000c4d80000)
 Metaspace       used 34146K, capacity 35380K, committed 35416K, reserved 1079296K
  class space    used 4445K, capacity 4700K, committed 4736K, reserved 1048576K
}
Event: 34.859 GC heap before
{Heap before GC invocations=11 (full 2):
 PSYoungGen      total 131072K, used 8184K [0x00000000eba00000, 0x00000000f5580000, 0x0000000100000000)
  eden space 122880K, 0% used [0x00000000eba00000,0x00000000eba00000,0x00000000f3200000)
  from space 8192K, 99% used [0x00000000f3200000,0x00000000f39fe318,0x00000000f3a00000)
  to   space 9728K, 0% used [0x00000000f4c00000,0x00000000f4c00000,0x00000000f5580000)
 ParOldGen       total 32256K, used 11469K [0x00000000c2e00000, 0x00000000c4d80000, 0x00000000eba00000)
  object space 32256K, 35% used [0x00000000c2e00000,0x00000000c3933660,0x00000000c4d80000)
 Metaspace       used 34146K, capacity 35380K, committed 35416K, reserved 1079296K
  class space    used 4445K, capacity 4700K, committed 4736K, reserved 1048576K
Event: 35.042 GC heap after
Heap after GC invocations=11 (full 2):
 PSYoungGen      total 131072K, used 0K [0x00000000eba00000, 0x00000000f5580000, 0x0000000100000000)
  eden space 122880K, 0% used [0x00000000eba00000,0x00000000eba00000,0x00000000f3200000)
  from space 8192K, 0% used [0x00000000f3200000,0x00000000f3200000,0x00000000f3a00000)
  to   space 9728K, 0% used [0x00000000f4c00000,0x00000000f4c00000,0x00000000f5580000)
 ParOldGen       total 46592K, used 14507K [0x00000000c2e00000, 0x00000000c5b80000, 0x00000000eba00000)
  object space 46592K, 31% used [0x00000000c2e00000,0x00000000c3c2ae80,0x00000000c5b80000)
 Metaspace       used 34142K, capacity 35368K, committed 35416K, reserved 1079296K
  class space    used 4444K, capacity 4698K, committed 4736K, reserved 1048576K
}
Event: 55.333 GC heap before
{Heap before GC invocations=12 (full 2):
 PSYoungGen      total 131072K, used 122880K [0x00000000eba00000, 0x00000000f5580000, 0x0000000100000000)
  eden space 122880K, 100% used [0x00000000eba00000,0x00000000f3200000,0x00000000f3200000)
  from space 8192K, 0% used [0x00000000f3200000,0x00000000f3200000,0x00000000f3a00000)
  to   space 9728K, 0% used [0x00000000f4c00000,0x00000000f4c00000,0x00000000f5580000)
 ParOldGen       total 46592K, used 14507K [0x00000000c2e00000, 0x00000000c5b80000, 0x00000000eba00000)
  object space 46592K, 31% used [0x00000000c2e00000,0x00000000c3c2ae80,0x00000000c5b80000)
 Metaspace       used 45734K, capacity 47850K, committed 47960K, reserved 1091584K
  class space    used 6055K, capacity 6507K, committed 6528K, reserved 1048576K
Event: 55.365 GC heap after
Heap after GC invocations=12 (full 2):
 PSYoungGen      total 132608K, used 9696K [0x00000000eba00000, 0x00000000f5580000, 0x0000000100000000)
  eden space 122880K, 0% used [0x00000000eba00000,0x00000000eba00000,0x00000000f3200000)
  from space 9728K, 99% used [0x00000000f4c00000,0x00000000f5578368,0x00000000f5580000)
  to   space 8192K, 0% used [0x00000000f3200000,0x00000000f3200000,0x00000000f3a00000)
 ParOldGen       total 46592K, used 20672K [0x00000000c2e00000, 0x00000000c5b80000, 0x00000000eba00000)
  object space 46592K, 44% used [0x00000000c2e00000,0x00000000c4230148,0x00000000c5b80000)
 Metaspace       used 45734K, capacity 47850K, committed 47960K, reserved 1091584K
  class space    used 6055K, capacity 6507K, committed 6528K, reserved 1048576K
}

