<?xml version="1.0" encoding="UTF-8"?>
<testng-results skipped="0" failed="0" ignored="0" total="0" passed="0">
  <reporter-output>
  </reporter-output>
  <suite name="Suite" duration-ms="2082" started-at="2023-02-24T14:23:59 CST" finished-at="2023-02-24T14:24:01 CST">
    <groups>
      <group name="cucumber">
        <method signature="AbstractTestNGCucumberTests.runScenario(io.cucumber.testng.PickleWrapper,io.cucumber.testng.FeatureWrapper)[pri:0, instance:runner.testRunner@322eb1a]" name="runScenario" class="io.cucumber.testng.AbstractTestNGCucumberTests"/>
      </group> <!-- cucumber -->
    </groups>
    <test name="Test" duration-ms="2082" started-at="2023-02-24T14:23:59 CST" finished-at="2023-02-24T14:24:01 CST">
      <class name="runner.testRunner">
        <test-method status="PASS" signature="setUpClass(org.testng.ITestContext)[pri:0, instance:runner.testRunner@322eb1a]" name="setUpClass" is-config="true" duration-ms="1741" started-at="2023-02-24T14:24:00 CST" finished-at="2023-02-24T14:24:01 CST">
          <params>
            <param index="0">
              <value>
                <![CDATA[org.testng.TestRunner@57dd4bc9]]>
              </value>
            </param>
          </params>
          <reporter-output>
          </reporter-output>
        </test-method> <!-- setUpClass -->
        <test-method status="PASS" signature="tearDownClass()[pri:0, instance:runner.testRunner@322eb1a]" name="tearDownClass" is-config="true" duration-ms="50" started-at="2023-02-24T14:24:01 CST" finished-at="2023-02-24T14:24:01 CST">
          <reporter-output>
          </reporter-output>
        </test-method> <!-- tearDownClass -->
      </class> <!-- runner.testRunner -->
    </test> <!-- Test -->
  </suite> <!-- Suite -->
</testng-results>
